[debug] [2023-09-08T13:10:20.050Z] ----------------------------------------------------------------------
[debug] [2023-09-08T13:10:20.052Z] Command:       C:\Program Files\nodejs\node.exe C:\Users\james\AppData\Roaming\npm\node_modules\firebase-tools\lib\bin\firebase.js init hosting:github
[debug] [2023-09-08T13:10:20.053Z] CLI Version:   11.16.1
[debug] [2023-09-08T13:10:20.053Z] Platform:      win32
[debug] [2023-09-08T13:10:20.053Z] Node Version:  v18.16.1
[debug] [2023-09-08T13:10:20.054Z] Time:          Fri Sep 08 2023 09:10:20 GMT-0400 (Eastern Daylight Time)
[debug] [2023-09-08T13:10:20.054Z] ----------------------------------------------------------------------
[debug] 
[debug] [2023-09-08T13:10:20.125Z] > command requires scopes: ["email","openid","https://www.googleapis.com/auth/cloudplatformprojects.readonly","https://www.googleapis.com/auth/firebase","https://www.googleapis.com/auth/cloud-platform"]
[debug] [2023-09-08T13:10:20.125Z] > authorizing via signed-in user (james.devine@grandcircus.co)
[info] 
     ######## #### ########  ######## ########     ###     ######  ########
     ##        ##  ##     ## ##       ##     ##  ##   ##  ##       ##
     ######    ##  ########  ######   ########  #########  ######  ######
     ##        ##  ##    ##  ##       ##     ## ##     ##       ## ##
     ##       #### ##     ## ######## ########  ##     ##  ######  ########

You're about to initialize a Firebase project in this directory:

  C:\Users\james\Desktop\personal\09-full-stack\shop\frontend

Before we get started, keep in mind:

  * You are initializing within an existing Firebase project directory

[info] 
=== Account Setup
[info] 
[info] Which account do you want to use for this project? Choose an account or add a new one now
[info] 
[debug] [2023-09-08T13:10:28.468Z] setProjectAccount(C:\Users\james\Desktop\personal\09-full-stack\shop\frontend, james.devine@grandcircus.co)
[info] 
[info] +  Using account: james.devine@grandcircus.co 
[info] 
=== Project Setup
[info] 
[info] First, let's associate this project directory with a Firebase project.
[info] You can create multiple project aliases by running firebase use --add, 
[info] but for now we'll just set up a default project.
[info] 
[debug] [2023-09-08T13:10:28.483Z] Using project from CLI flag: shop-3ec06
[debug] [2023-09-08T13:10:28.485Z] >>> [apiv2][query] GET https://firebase.googleapis.com/v1beta1/projects/shop-3ec06 [none]
[debug] [2023-09-08T13:10:28.822Z] <<< [apiv2][status] GET https://firebase.googleapis.com/v1beta1/projects/shop-3ec06 200
[debug] [2023-09-08T13:10:28.822Z] <<< [apiv2][body] GET https://firebase.googleapis.com/v1beta1/projects/shop-3ec06 {"projectId":"shop-3ec06","projectNumber":"536373997730","displayName":"shop","name":"projects/shop-3ec06","resources":{"hostingSite":"shop-3ec06"},"state":"ACTIVE","etag":"1_1df291b0-714c-412d-be9a-1564d5c4885d"}
[info] i  Using project shop-3ec06 (shop) 
[info] 
=== Hosting:github Setup
[info] 
[info] i  Didn't detect a .git folder. Assuming C:\Users\james\Desktop\personal\09-full-stack\shop\frontend is the project root. 
[info] i  Authorizing with GitHub to upload your service account to a GitHub repository's secrets store. 
[info] 
[info] Visit this URL on this device to log in:
[info] https://github.com/login/oauth/authorize?client_id=89cf50f02ac6aaed3484&state=941037780&redirect_uri=http%3A%2F%2Flocalhost%3A9005&scope=read%3Auser%20repo%20public_repo
[info] 
[info] Waiting for authentication...
[debug] [2023-09-08T13:10:42.011Z] >>> [apiv2][query] POST https://github.com/login/oauth/access_token [none]
[debug] [2023-09-08T13:10:42.012Z] >>> [apiv2][body] POST https://github.com/login/oauth/access_token [stream]
[debug] [2023-09-08T13:10:42.325Z] <<< [apiv2][status] POST https://github.com/login/oauth/access_token 200
[debug] [2023-09-08T13:10:42.325Z] <<< [apiv2][body] POST https://github.com/login/oauth/access_token {"access_token":"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","token_type":"bearer","scope":"read:user,repo"}
[debug] [2023-09-08T13:10:42.331Z] >>> [apiv2][query] GET https://api.github.com/user [none]
[debug] [2023-09-08T13:10:42.604Z] <<< [apiv2][status] GET https://api.github.com/user 200
[debug] [2023-09-08T13:10:42.604Z] <<< [apiv2][body] GET https://api.github.com/user {"login":"jeDevine","id":93085134,"node_id":"U_kgDOBYxdzg","avatar_url":"https://avatars.githubusercontent.com/u/93085134?v=4","gravatar_id":"","url":"https://api.github.com/users/jeDevine","html_url":"https://github.com/jeDevine","followers_url":"https://api.github.com/users/jeDevine/followers","following_url":"https://api.github.com/users/jeDevine/following{/other_user}","gists_url":"https://api.github.com/users/jeDevine/gists{/gist_id}","starred_url":"https://api.github.com/users/jeDevine/starred{/owner}{/repo}","subscriptions_url":"https://api.github.com/users/jeDevine/subscriptions","organizations_url":"https://api.github.com/users/jeDevine/orgs","repos_url":"https://api.github.com/users/jeDevine/repos","events_url":"https://api.github.com/users/jeDevine/events{/privacy}","received_events_url":"https://api.github.com/users/jeDevine/received_events","type":"User","site_admin":false,"name":null,"company":null,"blog":"","location":null,"email":null,"hireable":null,"bio":null,"twitter_username":null,"public_repos":50,"public_gists":0,"followers":1,"following":0,"created_at":"2021-10-24T13:51:21Z","updated_at":"2023-01-11T23:26:14Z","private_gists":0,"total_private_repos":1,"owned_private_repos":1,"disk_usage":19164,"collaborators":0,"two_factor_authentication":false,"plan":{"name":"free","space":976562499,"collaborators":0,"private_repos":10000}}
[info] 
[info] +  Success! Logged into GitHub as jeDevine 
[info] 
